<?xml version="1.0" encoding="UTF-8"?>
<!-- Generated by org.testng.reporters.JUnitReportReporter -->
<testsuite skipped="0" hostname="ip-172-31-18-198" name="Testcases.CarLoanTest" tests="1" failures="0" timestamp="18 Apr 2023 08:06:17 GMT" time="0.001" errors="0">
  <testcase name="test3" time="0.001" classname="Testcases.CarLoanTest"/>
</testsuite> <!-- Testcases.CarLoanTest -->
