<?xml version="1.0" encoding="UTF-8"?>
<!-- Generated by org.testng.reporters.JUnitReportReporter -->
<testsuite skipped="0" hostname="ip-172-31-18-198" name="Testcases.HomeLoanTest" tests="2" failures="0" timestamp="18 Apr 2023 08:06:17 GMT" time="0.008" errors="0">
  <testcase name="test1" time="0.002" classname="Testcases.HomeLoanTest"/>
  <testcase name="test2" time="0.006" classname="Testcases.HomeLoanTest"/>
</testsuite> <!-- Testcases.HomeLoanTest -->
