<?xml version="1.0" encoding="UTF-8"?>
<!-- Generated by org.testng.reporters.JUnitReportReporter -->
<testsuite skipped="0" hostname="ip-172-31-18-198" name="Testcases.CreditCardTest" tests="1" failures="0" timestamp="18 Apr 2023 08:06:17 GMT" time="0.002" errors="0">
  <testcase name="test4" time="0.002" classname="Testcases.CreditCardTest"/>
</testsuite> <!-- Testcases.CreditCardTest -->
