<?xml version="1.0" encoding="UTF-8"?>
<!-- Generated by org.testng.reporters.JUnitReportReporter -->
<testsuite skipped="0" hostname="ip-172-31-18-198" name="Testcases.HomeLoanTest" tests="1" failures="0" timestamp="18 Apr 2023 10:31:22 GMT" time="0.001" errors="0">
  <testcase name="test2" time="0.001" classname="Testcases.HomeLoanTest"/>
</testsuite> <!-- Testcases.HomeLoanTest -->
